<?xml version="1.0" encoding="UTF-8"?>
<!-- Generated by org.testng.reporters.JUnitReportReporter -->
<testsuite hostname="DESKTOP-7G594OM" failures="0" tests="1" name="functionalTests.TruckTests" time="10.744" errors="0" timestamp="2023-11-15T22:31:46 PST" skipped="0">
  <testcase classname="functionalTests.TruckTests" name="verify_EnginePerformance_BoundaryValues" time="10.744"/>
</testsuite> <!-- functionalTests.TruckTests -->
