<?xml version="1.0" encoding="UTF-8"?>
<!-- Generated by org.testng.reporters.JUnitReportReporter -->
<testsuite hostname="DESKTOP-7G594OM" failures="0" tests="1" name="common.Driver" time="8.657" errors="0" timestamp="2023-10-26T21:16:15 PDT" skipped="0">
  <testcase classname="common.Driver" name="launchApplication" time="8.657"/>
</testsuite> <!-- common.Driver -->
